<?xml version="1.0" encoding="UTF-8" ?>
<testsuite failures="0" time="2.843" errors="0" skipped="0" tests="1" name="com.thinkingtop.kaas.etl.test.ResultTest">
  <properties>
    <property name="java.runtime.name" value="Java(TM) SE Runtime Environment"/>
    <property name="sun.boot.library.path" value="E:\JDK\jre\bin"/>
    <property name="java.vm.version" value="17.0-b17"/>
    <property name="java.vm.vendor" value="Sun Microsystems Inc."/>
    <property name="java.vendor.url" value="http://java.sun.com/"/>
    <property name="path.separator" value=";"/>
    <property name="java.vm.name" value="Java HotSpot(TM) Client VM"/>
    <property name="file.encoding.pkg" value="sun.io"/>
    <property name="user.country" value="CN"/>
    <property name="sun.java.launcher" value="SUN_STANDARD"/>
    <property name="sun.os.patch.level" value=""/>
    <property name="java.vm.specification.name" value="Java Virtual Machine Specification"/>
    <property name="user.dir" value="F:\lab\github_local_repository2\newarch\kaas\kaas-etl"/>
    <property name="java.runtime.version" value="1.6.0_21-b07"/>
    <property name="java.awt.graphicsenv" value="sun.awt.Win32GraphicsEnvironment"/>
    <property name="basedir" value="F:\lab\github_local_repository2\newarch\kaas\kaas-etl"/>
    <property name="java.endorsed.dirs" value="E:\JDK\jre\lib\endorsed"/>
    <property name="os.arch" value="x86"/>
    <property name="surefire.real.class.path" value="F:\lab\github_local_repository2\newarch\kaas\kaas-etl\target\surefire\surefirebooter7653939536941835502.jar"/>
    <property name="java.io.tmpdir" value="C:\Users\ADMINI~1\AppData\Local\Temp\"/>
    <property name="line.separator" value="
"/>
    <property name="java.vm.specification.vendor" value="Sun Microsystems Inc."/>
    <property name="user.variant" value=""/>
    <property name="os.name" value="Windows 7"/>
    <property name="sun.jnu.encoding" value="GBK"/>
    <property name="java.library.path" value="E:\JDK\jre\bin;.;C:\Windows\Sun\Java\bin;C:\Windows\system32;C:\Windows;E:/JDK/bin/../jre/bin/client;E:/JDK/bin/../jre/bin;E:/JDK/bin/../jre/lib/i386;F:\app\Administrator\product\11.1.0\db_1\bin;C:\Program Files\AMD APP\bin\x86;E:\JDK\bin;C:\Windows\system32;C:\Windows;C:\Windows\System32\Wbem;C:\Windows\System32\WindowsPowerShell\v1.0\;C:\Program Files\Windows7Master;E:\Program Files\Windows7Master;D:\Program Files\ATI Technologies\ATI.ACE\Core-Static;E:\Program Files\Python32;E:\Program Files\WinRAR;E:\JDK\bin;D:\tomcat6.0.35\bin;E:\Program Files\Android SDK\android-sdk-windows\platform-tools;C:\Program Files\Internet Explorer;E:\Program Files\Rational\common;D:\ant1.8.4\bin;D:\maven3.0.4\bin;F:\lab\nexus2.1.1\nexus-2.1.1\bin;F:\Program Files\Microsoft SQL Server\100\Tools\Binn\;F:\Program Files\Microsoft SQL Server\100\DTS\Binn\;F:\Program Files\Microsoft SQL Server\100\Tools\Binn\VSShell\Common7\IDE\;E:\Program Files\springsourceToolSuite2.9.2\springsource\sts-2.9.2.RELEASE;"/>
    <property name="surefire.test.class.path" value="F:\lab\github_local_repository2\newarch\kaas\kaas-etl\target\test-classes;F:\lab\github_local_repository2\newarch\kaas\kaas-etl\target\classes;F:\lab\maven\repository\junit\junit\4.10\junit-4.10.jar;F:\lab\maven\repository\org\hamcrest\hamcrest-core\1.1\hamcrest-core-1.1.jar;F:\lab\maven\repository\com\jolbox\bonecp\0.6.7.2\bonecp-0.6.7.2.jar;F:\lab\maven\repository\com\google\collections\google-collections\1.0\google-collections-1.0.jar;F:\lab\maven\repository\org\slf4j\slf4j-api\1.5.10\slf4j-api-1.5.10.jar;F:\lab\maven\repository\log4j\log4j\1.2.12\log4j-1.2.12.jar;F:\lab\maven\repository\org\slf4j\slf4j-log4j12\1.5.10\slf4j-log4j12-1.5.10.jar;F:\lab\maven\repository\net\sourceforge\jtds\jtds\1.2.4\jtds-1.2.4.jar;F:\lab\maven\repository\mysql\mysql-connector-java\5.1.20\mysql-connector-java-5.1.20.jar;F:\lab\maven\repository\org\springframework\spring-jdbc\3.1.1.RELEASE\spring-jdbc-3.1.1.RELEASE.jar;F:\lab\maven\repository\org\springframework\spring-beans\3.1.1.RELEASE\spring-beans-3.1.1.RELEASE.jar;F:\lab\maven\repository\org\springframework\spring-core\3.1.1.RELEASE\spring-core-3.1.1.RELEASE.jar;F:\lab\maven\repository\org\springframework\spring-asm\3.1.1.RELEASE\spring-asm-3.1.1.RELEASE.jar;F:\lab\maven\repository\commons-logging\commons-logging\1.1.1\commons-logging-1.1.1.jar;F:\lab\maven\repository\org\springframework\spring-tx\3.1.1.RELEASE\spring-tx-3.1.1.RELEASE.jar;F:\lab\maven\repository\aopalliance\aopalliance\1.0\aopalliance-1.0.jar;F:\lab\maven\repository\org\springframework\spring-aop\3.1.1.RELEASE\spring-aop-3.1.1.RELEASE.jar;F:\lab\maven\repository\org\springframework\spring-context\3.1.1.RELEASE\spring-context-3.1.1.RELEASE.jar;F:\lab\maven\repository\org\springframework\spring-expression\3.1.1.RELEASE\spring-expression-3.1.1.RELEASE.jar;F:\lab\maven\repository\org\jdom\jdom\1.1.3\jdom-1.1.3.jar;F:\lab\maven\repository\jaxen\jaxen\1.1.3\jaxen-1.1.3.jar;F:\lab\maven\repository\dom4j\dom4j\1.6.1\dom4j-1.6.1.jar;F:\lab\maven\repository\jdom\jdom\1.0\jdom-1.0.jar;F:\lab\maven\repository\xml-apis\xml-apis\1.3.02\xml-apis-1.3.02.jar;F:\lab\maven\repository\xerces\xercesImpl\2.6.2\xercesImpl-2.6.2.jar;F:\lab\maven\repository\xom\xom\1.0\xom-1.0.jar;F:\lab\maven\repository\xerces\xmlParserAPIs\2.6.2\xmlParserAPIs-2.6.2.jar;F:\lab\maven\repository\xalan\xalan\2.6.0\xalan-2.6.0.jar;F:\lab\maven\repository\com\ibm\icu\icu4j\2.6.1\icu4j-2.6.1.jar;"/>
    <property name="java.specification.name" value="Java Platform API Specification"/>
    <property name="java.class.version" value="50.0"/>
    <property name="sun.management.compiler" value="HotSpot Client Compiler"/>
    <property name="os.version" value="6.1"/>
    <property name="user.home" value="C:\Users\Administrator"/>
    <property name="user.timezone" value="Asia/Shanghai"/>
    <property name="java.awt.printerjob" value="sun.awt.windows.WPrinterJob"/>
    <property name="java.specification.version" value="1.6"/>
    <property name="file.encoding" value="GBK"/>
    <property name="user.name" value="Administrator"/>
    <property name="java.class.path" value="F:\lab\github_local_repository2\newarch\kaas\kaas-etl\target\test-classes;F:\lab\github_local_repository2\newarch\kaas\kaas-etl\target\classes;F:\lab\maven\repository\junit\junit\4.10\junit-4.10.jar;F:\lab\maven\repository\org\hamcrest\hamcrest-core\1.1\hamcrest-core-1.1.jar;F:\lab\maven\repository\com\jolbox\bonecp\0.6.7.2\bonecp-0.6.7.2.jar;F:\lab\maven\repository\com\google\collections\google-collections\1.0\google-collections-1.0.jar;F:\lab\maven\repository\org\slf4j\slf4j-api\1.5.10\slf4j-api-1.5.10.jar;F:\lab\maven\repository\log4j\log4j\1.2.12\log4j-1.2.12.jar;F:\lab\maven\repository\org\slf4j\slf4j-log4j12\1.5.10\slf4j-log4j12-1.5.10.jar;F:\lab\maven\repository\net\sourceforge\jtds\jtds\1.2.4\jtds-1.2.4.jar;F:\lab\maven\repository\mysql\mysql-connector-java\5.1.20\mysql-connector-java-5.1.20.jar;F:\lab\maven\repository\org\springframework\spring-jdbc\3.1.1.RELEASE\spring-jdbc-3.1.1.RELEASE.jar;F:\lab\maven\repository\org\springframework\spring-beans\3.1.1.RELEASE\spring-beans-3.1.1.RELEASE.jar;F:\lab\maven\repository\org\springframework\spring-core\3.1.1.RELEASE\spring-core-3.1.1.RELEASE.jar;F:\lab\maven\repository\org\springframework\spring-asm\3.1.1.RELEASE\spring-asm-3.1.1.RELEASE.jar;F:\lab\maven\repository\commons-logging\commons-logging\1.1.1\commons-logging-1.1.1.jar;F:\lab\maven\repository\org\springframework\spring-tx\3.1.1.RELEASE\spring-tx-3.1.1.RELEASE.jar;F:\lab\maven\repository\aopalliance\aopalliance\1.0\aopalliance-1.0.jar;F:\lab\maven\repository\org\springframework\spring-aop\3.1.1.RELEASE\spring-aop-3.1.1.RELEASE.jar;F:\lab\maven\repository\org\springframework\spring-context\3.1.1.RELEASE\spring-context-3.1.1.RELEASE.jar;F:\lab\maven\repository\org\springframework\spring-expression\3.1.1.RELEASE\spring-expression-3.1.1.RELEASE.jar;F:\lab\maven\repository\org\jdom\jdom\1.1.3\jdom-1.1.3.jar;F:\lab\maven\repository\jaxen\jaxen\1.1.3\jaxen-1.1.3.jar;F:\lab\maven\repository\dom4j\dom4j\1.6.1\dom4j-1.6.1.jar;F:\lab\maven\repository\jdom\jdom\1.0\jdom-1.0.jar;F:\lab\maven\repository\xml-apis\xml-apis\1.3.02\xml-apis-1.3.02.jar;F:\lab\maven\repository\xerces\xercesImpl\2.6.2\xercesImpl-2.6.2.jar;F:\lab\maven\repository\xom\xom\1.0\xom-1.0.jar;F:\lab\maven\repository\xerces\xmlParserAPIs\2.6.2\xmlParserAPIs-2.6.2.jar;F:\lab\maven\repository\xalan\xalan\2.6.0\xalan-2.6.0.jar;F:\lab\maven\repository\com\ibm\icu\icu4j\2.6.1\icu4j-2.6.1.jar;"/>
    <property name="java.vm.specification.version" value="1.0"/>
    <property name="sun.arch.data.model" value="32"/>
    <property name="java.home" value="E:\JDK\jre"/>
    <property name="java.specification.vendor" value="Sun Microsystems Inc."/>
    <property name="user.language" value="zh"/>
    <property name="awt.toolkit" value="sun.awt.windows.WToolkit"/>
    <property name="java.vm.info" value="mixed mode, sharing"/>
    <property name="java.version" value="1.6.0_21"/>
    <property name="java.ext.dirs" value="E:\JDK\jre\lib\ext;C:\Windows\Sun\Java\lib\ext"/>
    <property name="sun.boot.class.path" value="E:\JDK\jre\lib\resources.jar;E:\JDK\jre\lib\rt.jar;E:\JDK\jre\lib\sunrsasign.jar;E:\JDK\jre\lib\jsse.jar;E:\JDK\jre\lib\jce.jar;E:\JDK\jre\lib\charsets.jar;E:\JDK\jre\classes"/>
    <property name="java.vendor" value="Sun Microsystems Inc."/>
    <property name="localRepository" value="F:\lab\maven\repository"/>
    <property name="file.separator" value="\"/>
    <property name="java.vendor.url.bug" value="http://java.sun.com/cgi-bin/bugreport.cgi"/>
    <property name="sun.cpu.endian" value="little"/>
    <property name="sun.io.unicode.encoding" value="UnicodeLittle"/>
    <property name="sun.desktop" value="windows"/>
    <property name="sun.cpu.isalist" value=""/>
  </properties>
  <testcase time="2.795" classname="com.thinkingtop.kaas.etl.test.ResultTest" name="testGetResult"/>
</testsuite>