<?xml version="1.0" encoding="UTF-8" ?>
<testsuite failures="0" time="1.766" errors="0" skipped="0" tests="1" name="com.thinkingtop.kaas.test.AppTest">
  <properties>
    <property name="java.runtime.name" value="Java(TM) SE Runtime Environment"/>
    <property name="sun.boot.library.path" value="/usr/lib/liang/jdk1.7.0/jre/lib/i386"/>
    <property name="java.vm.version" value="21.0-b17"/>
    <property name="java.vm.vendor" value="Oracle Corporation"/>
    <property name="java.vendor.url" value="http://java.oracle.com/"/>
    <property name="path.separator" value=":"/>
    <property name="java.vm.name" value="Java HotSpot(TM) Server VM"/>
    <property name="file.encoding.pkg" value="sun.io"/>
    <property name="user.country" value="CN"/>
    <property name="sun.java.launcher" value="SUN_STANDARD"/>
    <property name="sun.os.patch.level" value="unknown"/>
    <property name="java.vm.specification.name" value="Java Virtual Machine Specification"/>
    <property name="user.dir" value="/home/roadahead/Documents/workspace-sts-2.9.2.RELEASE/kaas/kaas-etl"/>
    <property name="java.runtime.version" value="1.7.0-b147"/>
    <property name="java.awt.graphicsenv" value="sun.awt.X11GraphicsEnvironment"/>
    <property name="basedir" value="/home/roadahead/Documents/workspace-sts-2.9.2.RELEASE/kaas/kaas-etl"/>
    <property name="java.endorsed.dirs" value="/usr/lib/liang/jdk1.7.0/jre/lib/endorsed"/>
    <property name="os.arch" value="i386"/>
    <property name="surefire.real.class.path" value="/home/roadahead/Documents/workspace-sts-2.9.2.RELEASE/kaas/kaas-etl/target/surefire/surefirebooter2189472076179219294.jar"/>
    <property name="java.io.tmpdir" value="/tmp"/>
    <property name="line.separator" value="
"/>
    <property name="java.vm.specification.vendor" value="Oracle Corporation"/>
    <property name="os.name" value="Linux"/>
    <property name="sun.jnu.encoding" value="UTF-8"/>
    <property name="java.library.path" value="/usr/java/packages/lib/i386:/lib:/usr/lib"/>
    <property name="surefire.test.class.path" value="/home/roadahead/Documents/workspace-sts-2.9.2.RELEASE/kaas/kaas-etl/target/test-classes:/home/roadahead/Documents/workspace-sts-2.9.2.RELEASE/kaas/kaas-etl/target/classes:/home/roadahead/m2/repository/junit/junit/4.10/junit-4.10.jar:/home/roadahead/m2/repository/org/hamcrest/hamcrest-core/1.1/hamcrest-core-1.1.jar:/home/roadahead/m2/repository/commons-dbcp/commons-dbcp/1.4/commons-dbcp-1.4.jar:/home/roadahead/m2/repository/commons-pool/commons-pool/1.5.4/commons-pool-1.5.4.jar:/home/roadahead/m2/repository/c3p0/c3p0/0.9.1.2/c3p0-0.9.1.2.jar:/home/roadahead/m2/repository/mysql/mysql-connector-java/5.1.20/mysql-connector-java-5.1.20.jar:/home/roadahead/m2/repository/org/springframework/spring-jdbc/3.1.2.RELEASE/spring-jdbc-3.1.2.RELEASE.jar:/home/roadahead/m2/repository/org/springframework/spring-beans/3.1.2.RELEASE/spring-beans-3.1.2.RELEASE.jar:/home/roadahead/m2/repository/org/springframework/spring-core/3.1.2.RELEASE/spring-core-3.1.2.RELEASE.jar:/home/roadahead/m2/repository/org/springframework/spring-asm/3.1.2.RELEASE/spring-asm-3.1.2.RELEASE.jar:/home/roadahead/m2/repository/commons-logging/commons-logging/1.1.1/commons-logging-1.1.1.jar:/home/roadahead/m2/repository/org/springframework/spring-tx/3.1.2.RELEASE/spring-tx-3.1.2.RELEASE.jar:/home/roadahead/m2/repository/aopalliance/aopalliance/1.0/aopalliance-1.0.jar:/home/roadahead/m2/repository/org/springframework/spring-aop/3.1.2.RELEASE/spring-aop-3.1.2.RELEASE.jar:/home/roadahead/m2/repository/org/springframework/spring-context/3.1.2.RELEASE/spring-context-3.1.2.RELEASE.jar:/home/roadahead/m2/repository/org/springframework/spring-expression/3.1.2.RELEASE/spring-expression-3.1.2.RELEASE.jar:/home/roadahead/m2/repository/org/jdom/jdom/1.1.3/jdom-1.1.3.jar:/home/roadahead/m2/repository/jaxen/jaxen/1.1.3/jaxen-1.1.3.jar:/home/roadahead/m2/repository/dom4j/dom4j/1.6.1/dom4j-1.6.1.jar:/home/roadahead/m2/repository/jdom/jdom/1.0/jdom-1.0.jar:/home/roadahead/m2/repository/xml-apis/xml-apis/1.3.02/xml-apis-1.3.02.jar:/home/roadahead/m2/repository/xerces/xercesImpl/2.6.2/xercesImpl-2.6.2.jar:/home/roadahead/m2/repository/xom/xom/1.0/xom-1.0.jar:/home/roadahead/m2/repository/xerces/xmlParserAPIs/2.6.2/xmlParserAPIs-2.6.2.jar:/home/roadahead/m2/repository/xalan/xalan/2.6.0/xalan-2.6.0.jar:/home/roadahead/m2/repository/com/ibm/icu/icu4j/2.6.1/icu4j-2.6.1.jar:/home/roadahead/m2/repository/net/sourceforge/jtds/jtds/1.2.4/jtds-1.2.4.jar:"/>
    <property name="java.specification.name" value="Java Platform API Specification"/>
    <property name="java.class.version" value="51.0"/>
    <property name="sun.management.compiler" value="HotSpot Tiered Compilers"/>
    <property name="os.version" value="2.6.32-24-generic"/>
    <property name="user.home" value="/home/roadahead"/>
    <property name="user.timezone" value="Asia/Shanghai"/>
    <property name="java.awt.printerjob" value="sun.print.PSPrinterJob"/>
    <property name="file.encoding" value="UTF-8"/>
    <property name="java.specification.version" value="1.7"/>
    <property name="user.name" value="roadahead"/>
    <property name="java.class.path" value="/home/roadahead/Documents/workspace-sts-2.9.2.RELEASE/kaas/kaas-etl/target/test-classes:/home/roadahead/Documents/workspace-sts-2.9.2.RELEASE/kaas/kaas-etl/target/classes:/home/roadahead/m2/repository/junit/junit/4.10/junit-4.10.jar:/home/roadahead/m2/repository/org/hamcrest/hamcrest-core/1.1/hamcrest-core-1.1.jar:/home/roadahead/m2/repository/commons-dbcp/commons-dbcp/1.4/commons-dbcp-1.4.jar:/home/roadahead/m2/repository/commons-pool/commons-pool/1.5.4/commons-pool-1.5.4.jar:/home/roadahead/m2/repository/c3p0/c3p0/0.9.1.2/c3p0-0.9.1.2.jar:/home/roadahead/m2/repository/mysql/mysql-connector-java/5.1.20/mysql-connector-java-5.1.20.jar:/home/roadahead/m2/repository/org/springframework/spring-jdbc/3.1.2.RELEASE/spring-jdbc-3.1.2.RELEASE.jar:/home/roadahead/m2/repository/org/springframework/spring-beans/3.1.2.RELEASE/spring-beans-3.1.2.RELEASE.jar:/home/roadahead/m2/repository/org/springframework/spring-core/3.1.2.RELEASE/spring-core-3.1.2.RELEASE.jar:/home/roadahead/m2/repository/org/springframework/spring-asm/3.1.2.RELEASE/spring-asm-3.1.2.RELEASE.jar:/home/roadahead/m2/repository/commons-logging/commons-logging/1.1.1/commons-logging-1.1.1.jar:/home/roadahead/m2/repository/org/springframework/spring-tx/3.1.2.RELEASE/spring-tx-3.1.2.RELEASE.jar:/home/roadahead/m2/repository/aopalliance/aopalliance/1.0/aopalliance-1.0.jar:/home/roadahead/m2/repository/org/springframework/spring-aop/3.1.2.RELEASE/spring-aop-3.1.2.RELEASE.jar:/home/roadahead/m2/repository/org/springframework/spring-context/3.1.2.RELEASE/spring-context-3.1.2.RELEASE.jar:/home/roadahead/m2/repository/org/springframework/spring-expression/3.1.2.RELEASE/spring-expression-3.1.2.RELEASE.jar:/home/roadahead/m2/repository/org/jdom/jdom/1.1.3/jdom-1.1.3.jar:/home/roadahead/m2/repository/jaxen/jaxen/1.1.3/jaxen-1.1.3.jar:/home/roadahead/m2/repository/dom4j/dom4j/1.6.1/dom4j-1.6.1.jar:/home/roadahead/m2/repository/jdom/jdom/1.0/jdom-1.0.jar:/home/roadahead/m2/repository/xml-apis/xml-apis/1.3.02/xml-apis-1.3.02.jar:/home/roadahead/m2/repository/xerces/xercesImpl/2.6.2/xercesImpl-2.6.2.jar:/home/roadahead/m2/repository/xom/xom/1.0/xom-1.0.jar:/home/roadahead/m2/repository/xerces/xmlParserAPIs/2.6.2/xmlParserAPIs-2.6.2.jar:/home/roadahead/m2/repository/xalan/xalan/2.6.0/xalan-2.6.0.jar:/home/roadahead/m2/repository/com/ibm/icu/icu4j/2.6.1/icu4j-2.6.1.jar:/home/roadahead/m2/repository/net/sourceforge/jtds/jtds/1.2.4/jtds-1.2.4.jar:"/>
    <property name="java.vm.specification.version" value="1.7"/>
    <property name="sun.arch.data.model" value="32"/>
    <property name="java.home" value="/usr/lib/liang/jdk1.7.0/jre"/>
    <property name="sun.java.command" value="/home/roadahead/Documents/workspace-sts-2.9.2.RELEASE/kaas/kaas-etl/target/surefire/surefirebooter2189472076179219294.jar /home/roadahead/Documents/workspace-sts-2.9.2.RELEASE/kaas/kaas-etl/target/surefire/surefire9042798397231202747tmp /home/roadahead/Documents/workspace-sts-2.9.2.RELEASE/kaas/kaas-etl/target/surefire/surefire433109196271635729tmp"/>
    <property name="java.specification.vendor" value="Oracle Corporation"/>
    <property name="user.language" value="zh"/>
    <property name="awt.toolkit" value="sun.awt.X11.XToolkit"/>
    <property name="java.vm.info" value="mixed mode"/>
    <property name="java.version" value="1.7.0"/>
    <property name="java.ext.dirs" value="/usr/lib/liang/jdk1.7.0/jre/lib/ext:/usr/java/packages/lib/ext"/>
    <property name="sun.boot.class.path" value="/usr/lib/liang/jdk1.7.0/jre/lib/resources.jar:/usr/lib/liang/jdk1.7.0/jre/lib/rt.jar:/usr/lib/liang/jdk1.7.0/jre/lib/sunrsasign.jar:/usr/lib/liang/jdk1.7.0/jre/lib/jsse.jar:/usr/lib/liang/jdk1.7.0/jre/lib/jce.jar:/usr/lib/liang/jdk1.7.0/jre/lib/charsets.jar:/usr/lib/liang/jdk1.7.0/jre/classes"/>
    <property name="java.vendor" value="Oracle Corporation"/>
    <property name="localRepository" value="/home/roadahead/m2/repository"/>
    <property name="file.separator" value="/"/>
    <property name="java.vendor.url.bug" value="http://bugreport.sun.com/bugreport/"/>
    <property name="sun.cpu.endian" value="little"/>
    <property name="sun.io.unicode.encoding" value="UnicodeLittle"/>
    <property name="sun.desktop" value="gnome"/>
    <property name="sun.cpu.isalist" value=""/>
  </properties>
  <testcase time="1.713" classname="com.thinkingtop.kaas.test.AppTest" name="test"/>
</testsuite>